Flattening unmatched subcell invinverter in circuit spi-interface/spi-interface.spice
Flattening unmatched subcell inverter in circuit spi-interface/spi-interface.spice
                                                                    
Subcircuit summary:
Circuit 1: dflipflop                       |Circuit 2: dflipflop                       
-------------------------------------------|-------------------------------------------
pfet (7)                                   |pfet (7)                                   
nfet (9)                                   |nfet (9)                                   
Number of elements: 16                     |Number of elements: 16                     
Number of nodes: 14                        |Number of nodes: 14                        
---------------------------------------------------------------------------------------
Circuits match with 11 automorphisms.
Graphs match with 11 automorphisms.
Circuits match correctly.

Subcircuit pins:
Circuit 1: dflipflop                       |Circuit 2: dflipflop                       
-------------------------------------------|-------------------------------------------
Q                                          |Q                                          
Qbar                                       |Qbar                                       
Vss                                        |Gnd                                        
En                                         |En                                         
Vdd                                        |Vdd                                        
D                                          |D                                          
Dbar                                       |Dbar                                       
Clk                                        |Clk                                        
---------------------------------------------------------------------------------------
                                                                    
Subcircuit summary:
Circuit 1: dflipflopsimple                 |Circuit 2: dflipflopsimple                 
-------------------------------------------|-------------------------------------------
pfet (5)                                   |pfet (5)                                   
nfet (4)                                   |nfet (4)                                   
Number of elements: 9                      |Number of elements: 9                      
Number of nodes: 9                         |Number of nodes: 9                         
---------------------------------------------------------------------------------------
Circuits match uniquely.
Graphs match uniquely.

Subcircuit pins:
Circuit 1: dflipflopsimple                 |Circuit 2: dflipflopsimple                 
-------------------------------------------|-------------------------------------------
Q                                          |(no matching pin)                          
Vss                                        |Gnd                                        
Vdd                                        |Vdd                                        
D                                          |D                                          
Dbar                                       |Dbar                                       
En                                         |En                                         
---------------------------------------------------------------------------------------
  Flattening pin-mismatched subcircuits dflipflopsimple dflipflopsimple                                                                                            
Subcircuit summary:
Circuit 1: spi-interface/spi-interface.net |Circuit 2: spi-interface/spi-interface.spi 
-------------------------------------------|-------------------------------------------
dflipflop (4)                              |dflipflop (4)                              
nfet (18)                                  |nfet (18)                                  
pfet (22)                                  |pfet (22)                                  
Number of elements: 44                     |Number of elements: 44                     
Number of nodes: 31                        |Number of nodes: 31                        
---------------------------------------------------------------------------------------
Circuits match uniquely.
Graphs match uniquely.
